parameters:
dataset:../data/out.github	n:56520	m:120868
p:256	balance:0.05
save partitionFile:None
k-1: 152564
runtime: 19187
	Command being timed: "./MinMax-main -i ../data/out.github -n 56520 -m 120868 -p 256 -save None"
	User time (seconds): 19.20
	System time (seconds): 0.00
	Percent of CPU this job got: 99%
	Elapsed (wall clock) time (h:mm:ss or m:ss): 0:19.25
	Average shared text size (kbytes): 0
	Average unshared data size (kbytes): 0
	Average stack size (kbytes): 0
	Average total size (kbytes): 0
	Maximum resident set size (kbytes): 16728
	Average resident set size (kbytes): 0
	Major (requiring I/O) page faults: 0
	Minor (reclaiming a frame) page faults: 4823
	Voluntary context switches: 1
	Involuntary context switches: 1883
	Swaps: 0
	File system inputs: 0
	File system outputs: 16
	Socket messages sent: 0
	Socket messages received: 0
	Signals delivered: 0
	Page size (bytes): 4096
	Exit status: 0
