[W 01:27:05.966 NotebookApp] Error loading server extension jupyter_nbextensions_configurator
    Traceback (most recent call last):
      File "/home/guan/.local/lib/python3.10/site-packages/notebook/notebookapp.py", line 2027, in init_server_extensions
        mod = importlib.import_module(modulename)
      File "/opt/anaconda/lib/python3.10/importlib/__init__.py", line 126, in import_module
        return _bootstrap._gcd_import(name[level:], package, level)
      File "<frozen importlib._bootstrap>", line 1050, in _gcd_import
      File "<frozen importlib._bootstrap>", line 1027, in _find_and_load
      File "<frozen importlib._bootstrap>", line 1004, in _find_and_load_unlocked
    ModuleNotFoundError: No module named 'jupyter_nbextensions_configurator'
[W 01:27:06.889 NotebookApp] Loading JupyterLab as a classic notebook (v6) extension.
[I 2023-05-26 01:27:06.898 LabApp] JupyterLab extension loaded from /opt/anaconda/lib/python3.10/site-packages/jupyterlab
[I 2023-05-26 01:27:06.898 LabApp] JupyterLab application directory is /opt/anaconda/share/jupyter/lab
[I 01:27:09.101 NotebookApp] The port 8888 is already in use, trying another port.
[I 01:27:09.101 NotebookApp] The port 8889 is already in use, trying another port.
[I 01:27:09.101 NotebookApp] The port 8890 is already in use, trying another port.
[I 01:27:09.101 NotebookApp] Serving notebooks from local directory: /home/guan/Desktop/hypergraph/exec
[I 01:27:09.101 NotebookApp] Jupyter Notebook 6.4.10 is running at:
[I 01:27:09.101 NotebookApp] http://localhost:8891/?token=155743dd11b3f7654f323ccbd3bc83bee53eae0a41448464
[I 01:27:09.101 NotebookApp]  or http://127.0.0.1:8891/?token=155743dd11b3f7654f323ccbd3bc83bee53eae0a41448464
[I 01:27:09.102 NotebookApp] Use Control-C to stop this server and shut down all kernels (twice to skip confirmation).
[C 01:27:09.115 NotebookApp] 
    
    To access the notebook, open this file in a browser:
        file:///home/guan/.local/share/jupyter/runtime/nbserver-4144-open.html
    Or copy and paste one of these URLs:
        http://localhost:8891/?token=155743dd11b3f7654f323ccbd3bc83bee53eae0a41448464
     or http://127.0.0.1:8891/?token=155743dd11b3f7654f323ccbd3bc83bee53eae0a41448464
[W 01:27:10.539 NotebookApp] 404 GET /nbextensions/nbextensions_configurator/tree_tab/main.js?v=20230526012705 (127.0.0.1) 9.000000ms referer=http://localhost:8891/tree
[I 01:27:24.146 NotebookApp] Creating new notebook in 
[W 01:27:25.032 NotebookApp] 404 GET /nbextensions/nbextensions_configurator/config_menu/main.js?v=20230526012705 (127.0.0.1) 2.610000ms referer=http://localhost:8891/notebooks/Untitled.ipynb?kernel_name=python3
[W 01:27:25.065 NotebookApp] 404 GET /nbextensions/widgets/notebook/js/extension.js?v=20230526012705 (127.0.0.1) 0.870000ms referer=http://localhost:8891/notebooks/Untitled.ipynb?kernel_name=python3
[I 01:27:25.075 NotebookApp] Kernel started: 69d745c9-04bf-47cf-abc5-a7e26c89d99b, name: python3
[IPKernelApp] ERROR | No such comm target registered: jupyter.widget.control
[IPKernelApp] WARNING | No such comm: 5cfe6c19-10b2-4894-9b6d-51665f63506f
[I 01:27:50.947 NotebookApp] Saving file at /partition_analy.ipynb
[I 02:15:12.032 NotebookApp] Saving file at /partition_analy.ipynb
[I 02:39:48.592 NotebookApp] Starting buffering for 69d745c9-04bf-47cf-abc5-a7e26c89d99b:794967c12a0e4f2badd413d66c3212aa
[C 02:57:29.217 NotebookApp] received signal 15, stopping
[I 02:57:29.264 NotebookApp] Shutting down 1 kernel
[I 02:57:29.264 NotebookApp] Kernel shutdown: 69d745c9-04bf-47cf-abc5-a7e26c89d99b
[I 02:57:29.276 NotebookApp] Shutting down 0 terminals
