----------------------------------------------------------------------------
Partitioning Graph: /home/guan/Desktop/hypergraph/exec/../data/out.dbpedia-team-swap.txt
into 64 partitions
max secondary set size: 10
while the secondary set expantion, the biggest 0% of edges will be ignored
the neighbourhood heuristic of a node will be cached
if sset is emtpy, new nodes will be selected: next-best
----------------------------------------------------------------------------
parsing graph ...
graph parsed in 938 milliseconds
#Nodes:	34461
#HyperEdges:	901130
----------------------------------------------------------------------------
partitioning graph
partitioning done in 685 milliseconds
----------------------------------------------------------------------------
sum of external degrees: 329944
Hyperedges cut: 86629
K-1: 243315
node balancing: 0.00185529
edge balancing: 0.984101
parsing time: 938
partition time: 685
total time: 1623
----------------------------------------------------------------------------
writing partitions ...
----------------------------------------------------------------------------
done
