nohup: ignoring input
172096 53412
parameters:
n:172096 m:53412 path:../data/out.dbpedia-location p:2 output:0
parameter:
p:2
k-1: 387 runtime:541(ms)
----------
parameters:
n:172096 m:53412 path:../data/out.dbpedia-location p:4 output:0
parameter:
p:4
k-1: 1363 runtime:585(ms)
----------
parameters:
n:172096 m:53412 path:../data/out.dbpedia-location p:8 output:0
parameter:
p:8
k-1: 2026 runtime:660(ms)
----------
parameters:
n:172096 m:53412 path:../data/out.dbpedia-location p:16 output:0
parameter:
p:16
k-1: 2200 runtime:778(ms)
----------
parameters:
n:172096 m:53412 path:../data/out.dbpedia-location p:32 output:0
parameter:
p:32
k-1: 2353 runtime:939(ms)
----------
parameters:
n:172096 m:53412 path:../data/out.dbpedia-location p:64 output:0
parameter:
p:64
k-1: 2588 runtime:1147(ms)
----------
