[I 20:26:59.382 NotebookApp] [nb_conda_kernels] enabled, 3 kernels found
[I 20:27:00.071 NotebookApp] [jupyter_nbextensions_configurator] enabled 0.4.1
[W 2023-02-23 20:27:01.273 LabApp] Config option `kernel_spec_manager_class` not recognized by `LabApp`.
[W 2023-02-23 20:27:01.275 LabApp] Config option `kernel_spec_manager_class` not recognized by `LabApp`.
[I 2023-02-23 20:27:01.279 LabApp] JupyterLab extension loaded from /opt/anaconda/lib/python3.9/site-packages/jupyterlab
[I 2023-02-23 20:27:01.279 LabApp] JupyterLab application directory is /opt/anaconda/share/jupyter/lab
[I 20:27:01.283 NotebookApp] Serving notebooks from local directory: /home/guan/Desktop/hypergraph/Hyper-Correlation
[I 20:27:01.283 NotebookApp] Jupyter Notebook 6.4.12 is running at:
[I 20:27:01.283 NotebookApp] http://localhost:8888/?token=9f6a859f21157e7c0b6a3625fcd8a314b640d75a9ab3e578
[I 20:27:01.283 NotebookApp]  or http://127.0.0.1:8888/?token=9f6a859f21157e7c0b6a3625fcd8a314b640d75a9ab3e578
[I 20:27:01.283 NotebookApp] Use Control-C to stop this server and shut down all kernels (twice to skip confirmation).
[C 20:27:01.299 NotebookApp] 
    
    To access the notebook, open this file in a browser:
        file:///home/guan/.local/share/jupyter/runtime/nbserver-41219-open.html
    Or copy and paste one of these URLs:
        http://localhost:8888/?token=9f6a859f21157e7c0b6a3625fcd8a314b640d75a9ab3e578
     or http://127.0.0.1:8888/?token=9f6a859f21157e7c0b6a3625fcd8a314b640d75a9ab3e578
[I 20:27:10.380 NotebookApp] Creating new notebook in 
[I 20:27:11.436 NotebookApp] Kernel started: 5340fbc1-8ea6-498a-818d-71a2fbd5841f, name: conda-env-.conda-mygraph-py
CONDA_PREFIX=/home/guan/.conda/envs/mygraph
[I 20:27:12.872 NotebookApp] Saving file at /Untitled.ipynb
/opt/anaconda/lib/python3.9/site-packages/nbformat/__init__.py:128: MissingIDFieldWarning: Code cell is missing an id field, this will become a hard error in future nbformat versions. You may want to use `normalize()` on your notebooks before validations (available since nbformat 5.1.4). Previous versions of nbformat are fixing this issue transparently, and will stop doing so in the future.
  validate(nb)
/opt/anaconda/lib/python3.9/site-packages/notebook/services/contents/manager.py:353: MissingIDFieldWarning: Code cell is missing an id field, this will become a hard error in future nbformat versions. You may want to use `normalize()` on your notebooks before validations (available since nbformat 5.1.4). Previous versions of nbformat are fixing this issue transparently, and will stop doing so in the future.
  validate_nb(model['content'])
[IPKernelApp] ERROR | No such comm target registered: jupyter.widget.control
[IPKernelApp] WARNING | No such comm: 72541c69-a746-4756-804f-3e9c56c39d2b
[I 20:28:05.219 NotebookApp] Saving file at /Correlation.ipynb
[I 20:31:11.399 NotebookApp] Saving file at /Correlation.ipynb
[I 21:28:12.873 NotebookApp] Saving file at /Correlation.ipynb
[I 21:31:11.409 NotebookApp] Saving file at /Correlation.ipynb
[I 21:32:20.302 NotebookApp] Saving file at /Correlation.ipynb
[I 21:32:30.706 NotebookApp] Saving file at /Correlation.ipynb
[I 21:32:34.328 NotebookApp] Saving file at /Correlation.ipynb
[I 21:33:00.372 NotebookApp] Saving file at /Correlation.ipynb
[I 21:33:11.277 NotebookApp] Saving file at /Correlation.ipynb
[I 21:33:28.554 NotebookApp] Saving file at /Correlation.ipynb
[I 21:33:29.942 NotebookApp] Saving file at /Correlation.ipynb
[I 21:33:43.065 NotebookApp] Saving file at /Correlation.ipynb
[I 21:33:43.963 NotebookApp] Saving file at /Correlation.ipynb
[I 21:34:07.025 NotebookApp] Saving file at /Correlation.ipynb
[I 21:34:22.664 NotebookApp] Saving file at /Correlation.ipynb
[I 21:34:50.820 NotebookApp] Saving file at /Correlation.ipynb
[I 21:36:23.055 NotebookApp] Saving file at /Correlation.ipynb
[I 21:36:30.327 NotebookApp] Saving file at /Correlation.ipynb
[I 21:37:11.405 NotebookApp] Saving file at /Correlation.ipynb
[I 21:38:30.304 NotebookApp] Saving file at /Correlation.ipynb
[I 21:39:11.409 NotebookApp] Saving file at /Correlation.ipynb
[I 21:41:11.407 NotebookApp] Saving file at /Correlation.ipynb
[I 21:41:34.606 NotebookApp] Saving file at /Correlation.ipynb
[I 21:41:57.147 NotebookApp] Saving file at /Correlation.ipynb
[I 21:42:40.451 NotebookApp] Saving file at /Correlation.ipynb
[I 21:42:53.828 NotebookApp] Saving file at /Correlation.ipynb
[I 21:43:11.403 NotebookApp] Saving file at /Correlation.ipynb
[I 21:43:15.439 NotebookApp] Saving file at /Correlation.ipynb
[I 21:43:39.984 NotebookApp] Saving file at /Correlation.ipynb
[I 21:43:41.153 NotebookApp] Saving file at /Correlation.ipynb
[I 21:43:50.526 NotebookApp] Saving file at /Correlation.ipynb
[I 21:44:11.382 NotebookApp] Saving file at /Correlation.ipynb
[I 21:45:11.405 NotebookApp] Saving file at /Correlation.ipynb
[I 23:19:11.415 NotebookApp] Saving file at /Correlation.ipynb
[I 23:21:11.413 NotebookApp] Saving file at /Correlation.ipynb
[I 23:29:36.400 NotebookApp] Starting buffering for 5340fbc1-8ea6-498a-818d-71a2fbd5841f:1e3f8f8ab8ec45909c1360cfc700e7e1
[C 23:50:06.295 NotebookApp] received signal 15, stopping
[I 23:50:06.296 NotebookApp] Shutting down 1 kernel
[I 23:50:06.317 NotebookApp] Kernel shutdown: 5340fbc1-8ea6-498a-818d-71a2fbd5841f
[I 23:50:06.328 NotebookApp] Shutting down 0 terminals
